<?xml version="1.0" encoding="UTF-8"?>
<!-- Generated by org.testng.reporters.JUnitReportReporter -->
<testsuite skipped="0" hostname="EC2AMAZ-0VEGHJH" name="com.wipro.telstra.testcases.FlipkartHomePageTestsCases" tests="1" failures="0" timestamp="29 Jul 2019 10:56:06 GMT" time="13.927" errors="0">
  <testcase name="tc_loginFlipkart" time="13.927" classname="com.wipro.telstra.testcases.FlipkartHomePageTestsCases"/>
</testsuite> <!-- com.wipro.telstra.testcases.FlipkartHomePageTestsCases -->
