<?xml version="1.0" encoding="UTF-8"?>
<!-- Generated by org.testng.reporters.JUnitReportReporter -->
<testsuite skipped="0" hostname="EC2AMAZ-0VEGHJH" name="com.wipro.telstra.testcases.FlipkartHomePageTestsCases" tests="1" failures="0" timestamp="30 Jul 2019 12:50:50 GMT" time="68.985" errors="0">
  <testcase name="tc_removeItem" time="68.985" classname="com.wipro.telstra.testcases.FlipkartHomePageTestsCases"/>
</testsuite> <!-- com.wipro.telstra.testcases.FlipkartHomePageTestsCases -->
