<?xml version="1.0" encoding="UTF-8"?>
<!-- Generated by org.testng.reporters.JUnitReportReporter -->
<testsuite skipped="0" hostname="EC2AMAZ-0VEGHJH" name="com.wipro.telstra.testcases.FlipkartHomePageTestsCases" tests="3" failures="0" timestamp="30 Jul 2019 09:07:16 GMT" time="39.794" errors="0">
  <testcase name="tc_loginFlipkart" time="11.226" classname="com.wipro.telstra.testcases.FlipkartHomePageTestsCases"/>
  <testcase name="tc_buyCamera" time="14.334" classname="com.wipro.telstra.testcases.FlipkartHomePageTestsCases"/>
  <testcase name="tc_checkOutCart" time="14.234" classname="com.wipro.telstra.testcases.FlipkartHomePageTestsCases"/>
</testsuite> <!-- com.wipro.telstra.testcases.FlipkartHomePageTestsCases -->
