<?xml version="1.0" encoding="UTF-8"?>
<!-- Generated by org.testng.reporters.JUnitReportReporter -->
<testsuite skipped="0" hostname="EC2AMAZ-0VEGHJH" name="com.telstra.testcases.FlipkartHomePageTests" tests="1" failures="0" timestamp="15 Jul 2019 12:29:51 GMT" time="13.553" errors="0">
  <testcase name="tc_buyCamera" time="13.553" classname="com.telstra.testcases.FlipkartHomePageTests"/>
</testsuite> <!-- com.telstra.testcases.FlipkartHomePageTests -->
