<?xml version="1.0" encoding="UTF-8"?>
<!-- Generated by org.testng.reporters.JUnitReportReporter -->
<testsuite skipped="0" hostname="C02VX0BAG8WN" name="com.wipro.telstra.testcases.FlipkartHomePageTestsCases" tests="4" failures="0" timestamp="14 Aug 2019 07:58:58 GMT" time="41.653" errors="0">
  <testcase name="tc_loginFlipkart" time="7.094" classname="com.wipro.telstra.testcases.FlipkartHomePageTestsCases"/>
  <testcase name="tc_buyCamera" time="17.300" classname="com.wipro.telstra.testcases.FlipkartHomePageTestsCases"/>
  <testcase name="tc_checkOutCart" time="8.471" classname="com.wipro.telstra.testcases.FlipkartHomePageTestsCases"/>
  <testcase name="tc_removeItem" time="8.788" classname="com.wipro.telstra.testcases.FlipkartHomePageTestsCases"/>
</testsuite> <!-- com.wipro.telstra.testcases.FlipkartHomePageTestsCases -->
