<?xml version="1.0" encoding="UTF-8"?>
<!-- Generated by org.testng.reporters.JUnitReportReporter -->
<testsuite skipped="0" hostname="EC2AMAZ-0VEGHJH" name="com.wipro.telstra.testcases.FlipkartHomePageTestsCases" tests="4" failures="0" timestamp="30 Jul 2019 13:08:56 GMT" time="50.872" errors="0">
  <testcase name="tc_loginFlipkart" time="10.596" classname="com.wipro.telstra.testcases.FlipkartHomePageTestsCases"/>
  <testcase name="tc_buyCamera" time="13.394" classname="com.wipro.telstra.testcases.FlipkartHomePageTestsCases"/>
  <testcase name="tc_checkOutCart" time="14.099" classname="com.wipro.telstra.testcases.FlipkartHomePageTestsCases"/>
  <testcase name="tc_removeItem" time="12.783" classname="com.wipro.telstra.testcases.FlipkartHomePageTestsCases"/>
</testsuite> <!-- com.wipro.telstra.testcases.FlipkartHomePageTestsCases -->
