<?xml version="1.0" encoding="UTF-8"?>
<!-- Generated by org.testng.reporters.JUnitReportReporter -->
<testsuite skipped="0" hostname="C02VX0BAG8WN" name="com.wipro.telstra.testcases.FlipkartHomePageTestsCases" tests="1" failures="0" timestamp="12 Aug 2019 10:27:15 GMT" time="12.150" errors="0">
  <testcase name="tc_buyCamera" time="12.150" classname="com.wipro.telstra.testcases.FlipkartHomePageTestsCases"/>
</testsuite> <!-- com.wipro.telstra.testcases.FlipkartHomePageTestsCases -->
